2016-08-26 23:40:00,135 WARNING: get_client_list() --> *** Client 100009782 (, LUXFER) has no contact information and will NOT be transferred.
2016-08-26 23:40:00,135 ERROR: get_client_list() --> get_client_list() --> list index out of range
2016-08-26 23:40:00,135 INFO: import_clients() --> Transferring ID: 100009744
2016-08-26 23:40:00,135 INFO: import_client() --> Checking transfer status for ID: 100009744
2016-08-26 23:40:00,727 INFO: import_client() --> Transferring main profile for ID: 100009744
2016-08-26 23:45:56,660 INFO: import_client() --> ...Created new client ID: 100000498
2016-08-26 23:45:56,660 INFO: import_client() --> ...Transferring custom fields...
2016-08-26 23:45:57,253 INFO: import_client() --> ...Updating record ID references...
2016-08-26 23:45:58,864 INFO: import_client() --> ...Transferring contact logs...
2016-08-26 23:46:00,006 INFO: import_client() --> ...Retrieving client interests for client types...
2016-08-26 23:46:00,647 INFO: import_client() --> ...Retrieving class history for client types...
2016-08-26 23:46:01,007 INFO: import_client() --> ...Updating client types...
2016-08-26 23:46:19,842 INFO: import_client() --> Client transfer is complete: Old client ID 100009744 has been imported as new ID: 100000498
2016-08-26 23:46:19,842 INFO: import_clients() --> New ID added: 100000498
2016-08-26 23:50:16,433 INFO: import_clients() --> Transferring ID: 100009209
2016-08-26 23:50:16,433 INFO: import_client() --> Checking transfer status for ID: 100009209
2016-08-26 23:50:16,979 INFO: import_client() --> Transferring main profile for ID: 100009209
2016-08-26 23:50:18,617 INFO: import_client() --> ...Created new client ID: 100000499
2016-08-26 23:50:18,617 INFO: import_client() --> ...Transferring custom fields...
2016-08-26 23:50:19,148 INFO: import_client() --> ...Updating record ID references...
2016-08-26 23:50:23,914 INFO: import_client() --> ...Transferring contact logs...
2016-08-26 23:50:26,196 INFO: import_client() --> ...Retrieving client interests for client types...
2016-08-26 23:50:26,678 INFO: import_client() --> ...Retrieving class history for client types...
2016-08-26 23:50:27,039 INFO: import_client() --> ...Updating client types...
2016-08-26 23:50:27,039 INFO: import_client() --> Client transfer is complete: Old client ID 100009209 has been imported as new ID: 100000499
2016-08-26 23:50:27,039 INFO: import_clients() --> New ID added: 100000499
2016-08-26 23:50:27,039 INFO: import_clients() --> Transferring ID: 100009542
2016-08-26 23:50:27,039 INFO: import_client() --> Checking transfer status for ID: 100009542
2016-08-26 23:50:27,849 INFO: import_client() --> Transferring main profile for ID: 100009542
2016-08-26 23:50:29,614 INFO: import_client() --> ...Created new client ID: 100000500
2016-08-26 23:50:29,614 INFO: import_client() --> ...Transferring custom fields...
2016-08-26 23:50:30,098 INFO: import_client() --> ...Updating record ID references...
2016-08-26 23:50:31,845 INFO: import_client() --> ...Transferring contact logs...
2016-08-26 23:50:35,099 INFO: import_client() --> ...Retrieving client interests for client types...
2016-08-26 23:50:35,832 INFO: import_client() --> ...Retrieving class history for client types...
2016-08-26 23:50:36,253 INFO: import_client() --> ...Updating client types...
2016-08-26 23:50:36,253 INFO: import_client() --> Client transfer is complete: Old client ID 100009542 has been imported as new ID: 100000500
2016-08-26 23:50:36,253 INFO: import_clients() --> New ID added: 100000500
2016-08-26 23:50:36,253 INFO: import_clients() --> Transferring ID: 100009493
2016-08-26 23:50:36,253 INFO: import_client() --> Checking transfer status for ID: 100009493
2016-08-26 23:50:36,799 INFO: import_client() --> Transferring main profile for ID: 100009493
2016-08-26 23:50:38,375 INFO: import_client() --> ...Created new client ID: 100000501
2016-08-26 23:50:38,375 INFO: import_client() --> ...Transferring custom fields...
2016-08-26 23:50:38,953 INFO: import_client() --> ...Updating record ID references...
2016-08-26 23:50:40,815 INFO: import_client() --> ...Transferring contact logs...
2016-08-26 23:50:43,108 INFO: import_client() --> ...Retrieving client interests for client types...
2016-08-26 23:50:43,638 INFO: import_client() --> ...Retrieving class history for client types...
2016-08-26 23:50:43,950 INFO: import_client() --> ...Updating client types...
2016-08-26 23:50:43,950 INFO: import_client() --> Client transfer is complete: Old client ID 100009493 has been imported as new ID: 100000501
2016-08-26 23:50:43,964 INFO: import_clients() --> New ID added: 100000501
2016-08-26 23:53:11,055 WARNING: get_client_list() --> *** Client 100003231 (PENNINGTON, EVAN) has no contact information and will NOT be transferred.
2016-08-26 23:53:11,055 INFO: import_clients() --> Transferring ID: 100009434
2016-08-26 23:53:11,055 INFO: import_client() --> Checking transfer status for ID: 100009434
2016-08-26 23:53:11,571 INFO: import_client() --> Transferring main profile for ID: 100009434
2016-08-26 23:53:13,381 INFO: import_client() --> ...Created new client ID: 100000502
2016-08-26 23:53:13,381 INFO: import_client() --> ...Transferring custom fields...
2016-08-26 23:53:13,913 INFO: import_client() --> ...Updating record ID references...
2016-08-26 23:53:15,726 INFO: import_client() --> ...Transferring contact logs...
2016-08-26 23:53:18,081 INFO: import_client() --> ...Retrieving client interests for client types...
2016-08-26 23:53:18,595 INFO: import_client() --> ...Retrieving class history for client types...
2016-08-26 23:53:18,892 INFO: import_client() --> ...Updating client types...
2016-08-26 23:53:18,892 INFO: import_client() --> Client transfer is complete: Old client ID 100009434 has been imported as new ID: 100000502
2016-08-26 23:53:18,892 INFO: import_clients() --> New ID added: 100000502
2016-08-26 23:53:18,892 INFO: import_clients() --> Transferring ID: 100010100
2016-08-26 23:53:18,892 INFO: import_client() --> Checking transfer status for ID: 100010100
2016-08-26 23:53:19,391 INFO: import_client() --> Transferring main profile for ID: 100010100
2016-08-26 23:53:21,193 INFO: import_client() --> ...Created new client ID: 100000503
2016-08-26 23:53:21,193 INFO: import_client() --> ...Transferring custom fields...
2016-08-26 23:53:21,661 INFO: import_client() --> ...Updating record ID references...
2016-08-26 23:53:23,536 INFO: import_client() --> ...Transferring contact logs...
2016-08-26 23:53:24,503 INFO: import_client() --> ...Retrieving client interests for client types...
2016-08-26 23:53:25,007 INFO: import_client() --> ...Retrieving class history for client types...
2016-08-26 23:53:25,460 INFO: import_client() --> ...Updating client types...
2016-08-26 23:53:59,505 INFO: import_client() --> Client transfer is complete: Old client ID 100010100 has been imported as new ID: 100000503
2016-08-26 23:53:59,505 INFO: import_clients() --> New ID added: 100000503
2016-08-26 23:53:59,505 INFO: import_clients() --> Transferring ID: 100002513
2016-08-26 23:53:59,505 INFO: import_client() --> Checking transfer status for ID: 100002513
2016-08-26 23:54:00,128 INFO: import_client() --> Transferring main profile for ID: 100002513
2016-08-26 23:54:01,691 INFO: import_client() --> ...Created new client ID: 100000504
2016-08-26 23:54:01,691 INFO: import_client() --> ...Transferring custom fields...
2016-08-26 23:54:02,237 INFO: import_client() --> ...Updating record ID references...
2016-08-26 23:54:05,082 INFO: import_client() --> ...Transferring contact logs...
2016-08-26 23:54:06,065 INFO: import_client() --> ...Retrieving client interests for client types...
2016-08-26 23:54:06,614 INFO: import_client() --> ...Retrieving class history for client types...
2016-08-26 23:54:06,913 INFO: import_client() --> ...Updating client types...
2016-08-26 23:54:06,913 INFO: import_client() --> Client transfer is complete: Old client ID 100002513 has been imported as new ID: 100000504
2016-08-26 23:54:06,913 INFO: import_clients() --> New ID added: 100000504
2016-08-26 23:54:06,913 INFO: import_clients() --> Transferring ID: 100005914
2016-08-26 23:54:06,913 INFO: import_client() --> Checking transfer status for ID: 100005914
2016-08-26 23:54:07,411 INFO: import_client() --> Transferring main profile for ID: 100005914
2016-08-26 23:54:09,191 INFO: import_client() --> ...Created new client ID: 100000505
2016-08-26 23:54:09,191 INFO: import_client() --> ...Transferring custom fields...
2016-08-26 23:54:09,691 INFO: import_client() --> ...Updating record ID references...
2016-08-26 23:54:11,319 INFO: import_client() --> ...Transferring contact logs...
2016-08-26 23:54:12,878 INFO: import_client() --> ...Retrieving client interests for client types...
2016-08-26 23:54:13,362 INFO: import_client() --> ...Retrieving class history for client types...
2016-08-26 23:54:13,690 INFO: import_client() --> ...Updating client types...
2016-08-26 23:54:13,690 INFO: import_client() --> Client transfer is complete: Old client ID 100005914 has been imported as new ID: 100000505
2016-08-26 23:54:13,690 INFO: import_clients() --> New ID added: 100000505
2016-08-27 00:01:00,226 WARNING: get_client_list() --> *** Client 100004028 (?, ?) has no contact information and will NOT be transferred.
2016-08-27 00:01:00,226 INFO: import_clients() --> Transferring ID: 100009886
2016-08-27 00:01:00,226 INFO: import_client() --> Checking transfer status for ID: 100009886
2016-08-27 00:01:00,742 INFO: import_client() --> Transferring main profile for ID: 100009886
2016-08-27 00:01:02,506 INFO: import_client() --> ...Created new client ID: 100000506
2016-08-27 00:01:02,506 INFO: import_client() --> ...Transferring custom fields...
2016-08-27 00:01:03,022 INFO: import_client() --> ...Updating record ID references...
2016-08-27 00:01:04,959 INFO: import_client() --> ...Transferring contact logs...
2016-08-27 00:01:07,934 INFO: import_client() --> ...Retrieving client interests for client types...
2016-08-27 00:01:08,607 INFO: import_client() --> ...Retrieving class history for client types...
2016-08-27 00:01:08,903 INFO: import_client() --> ...Updating client types...
2016-08-27 00:01:08,903 INFO: import_client() --> Client transfer is complete: Old client ID 100009886 has been imported as new ID: 100000506
2016-08-27 00:01:08,903 INFO: import_clients() --> New ID added: 100000506
2016-08-27 00:01:08,903 INFO: import_clients() --> Transferring ID: 100007974
2016-08-27 00:01:08,903 INFO: import_client() --> Checking transfer status for ID: 100007974
2016-08-27 00:01:09,441 INFO: import_client() --> Transferring main profile for ID: 100007974
2016-08-27 00:01:11,371 INFO: import_client() --> ...Created new client ID: 100000507
2016-08-27 00:01:11,371 INFO: import_client() --> ...Transferring custom fields...
2016-08-27 00:01:11,884 INFO: import_client() --> ...Updating record ID references...
2016-08-27 00:01:13,710 INFO: import_client() --> ...Transferring contact logs...
2016-08-27 00:01:14,661 INFO: import_client() --> ...Retrieving client interests for client types...
2016-08-27 00:01:15,145 INFO: import_client() --> ...Retrieving class history for client types...
2016-08-27 00:01:15,628 INFO: import_client() --> ...Updating client types...
2016-08-27 00:01:15,628 INFO: import_client() --> Client transfer is complete: Old client ID 100007974 has been imported as new ID: 100000507
2016-08-27 00:01:15,628 INFO: import_clients() --> New ID added: 100000507
2016-08-27 00:01:15,628 INFO: import_clients() --> Transferring ID: 100006226
2016-08-27 00:01:15,628 INFO: import_client() --> Checking transfer status for ID: 100006226
2016-08-27 00:01:16,221 INFO: import_client() --> Transferring main profile for ID: 100006226
2016-08-27 00:01:18,022 INFO: import_client() --> ...Created new client ID: 100000508
2016-08-27 00:01:18,022 INFO: import_client() --> ...Transferring custom fields...
2016-08-27 00:01:18,599 INFO: import_client() --> ...Updating record ID references...
2016-08-27 00:01:20,331 INFO: import_client() --> ...Transferring contact logs...
2016-08-27 00:01:21,470 INFO: import_client() --> ...Retrieving client interests for client types...
2016-08-27 00:01:22,078 INFO: import_client() --> ...Retrieving class history for client types...
2016-08-27 00:01:22,407 INFO: import_client() --> ...Updating client types...
2016-08-27 00:01:22,407 INFO: import_client() --> Client transfer is complete: Old client ID 100006226 has been imported as new ID: 100000508
2016-08-27 00:01:22,407 INFO: import_clients() --> New ID added: 100000508
2016-08-27 00:01:22,407 INFO: import_clients() --> Transferring ID: 100008971
2016-08-27 00:01:22,407 INFO: import_client() --> Checking transfer status for ID: 100008971
2016-08-27 00:01:23,000 INFO: import_client() --> Transferring main profile for ID: 100008971
2016-08-27 00:01:25,358 INFO: import_client() --> ...Created new client ID: 100000509
2016-08-27 00:01:25,358 INFO: import_client() --> ...Transferring custom fields...
2016-08-27 00:01:25,921 INFO: import_client() --> ...Updating record ID references...
2016-08-27 00:01:28,075 INFO: import_client() --> ...Transferring contact logs...
2016-08-27 00:01:30,700 INFO: import_client() --> ...Retrieving client interests for client types...
2016-08-27 00:01:31,201 INFO: import_client() --> ...Retrieving class history for client types...
2016-08-27 00:01:31,607 INFO: import_client() --> ...Updating client types...
2016-08-27 00:01:31,607 INFO: import_client() --> Client transfer is complete: Old client ID 100008971 has been imported as new ID: 100000509
2016-08-27 00:01:31,607 INFO: import_clients() --> New ID added: 100000509
2016-08-27 00:01:31,607 INFO: import_clients() --> Transferring ID: 100003420
2016-08-27 00:01:31,607 INFO: import_client() --> Checking transfer status for ID: 100003420
2016-08-27 00:01:32,145 INFO: import_client() --> Transferring main profile for ID: 100003420
2016-08-27 00:01:35,453 INFO: import_client() --> ...Created new client ID: 100000510
2016-08-27 00:01:35,453 INFO: import_client() --> ...Transferring custom fields...
2016-08-27 00:01:35,984 INFO: import_client() --> ...Updating record ID references...
2016-08-27 00:01:37,954 INFO: import_client() --> ...Transferring contact logs...
2016-08-27 00:01:42,285 INFO: import_client() --> ...Retrieving client interests for client types...
2016-08-27 00:01:42,924 INFO: import_client() --> ...Retrieving class history for client types...
2016-08-27 00:01:44,812 INFO: import_client() --> ...Updating client types...
2016-08-27 00:02:08,713 INFO: import_client() --> Client transfer is complete: Old client ID 100003420 has been imported as new ID: 100000510
2016-08-27 00:02:08,713 INFO: import_clients() --> New ID added: 100000510
2016-08-27 00:02:08,713 INFO: import_clients() --> Transferring ID: 100001378
2016-08-27 00:02:08,713 INFO: import_client() --> Checking transfer status for ID: 100001378
2016-08-27 00:02:10,437 INFO: import_client() --> Transferring main profile for ID: 100001378
2016-08-27 00:02:12,043 INFO: import_client() --> ...Created new client ID: 100000511
2016-08-27 00:02:12,059 INFO: import_client() --> ...Transferring custom fields...
2016-08-27 00:02:12,576 INFO: import_client() --> ...Updating record ID references...
2016-08-27 00:02:14,486 INFO: import_client() --> ...Transferring contact logs...
2016-08-27 00:02:15,515 INFO: import_client() --> ...Retrieving client interests for client types...
2016-08-27 00:02:16,217 INFO: import_client() --> ...Retrieving class history for client types...
2016-08-27 00:02:16,545 INFO: import_client() --> ...Updating client types...
2016-08-27 00:02:16,545 INFO: import_client() --> Client transfer is complete: Old client ID 100001378 has been imported as new ID: 100000511
2016-08-27 00:02:16,545 INFO: import_clients() --> New ID added: 100000511
2016-08-27 00:02:16,545 INFO: import_clients() --> Transferring ID: 100000687
2016-08-27 00:02:16,545 INFO: import_client() --> Checking transfer status for ID: 100000687
2016-08-27 00:02:17,059 INFO: import_client() --> Transferring main profile for ID: 100000687
2016-08-27 00:02:18,994 INFO: import_client() --> ...Created new client ID: 100000512
2016-08-27 00:02:18,994 INFO: import_client() --> ...Transferring custom fields...
2016-08-27 00:02:19,588 INFO: import_client() --> ...Updating record ID references...
2016-08-27 00:02:21,308 INFO: import_client() --> ...Transferring contact logs...
2016-08-27 00:02:22,368 INFO: import_client() --> ...Retrieving client interests for client types...
2016-08-27 00:02:22,914 INFO: import_client() --> ...Retrieving class history for client types...
2016-08-27 00:02:23,242 INFO: import_client() --> ...Updating client types...
2016-08-27 00:02:23,242 INFO: import_client() --> Client transfer is complete: Old client ID 100000687 has been imported as new ID: 100000512
2016-08-27 00:02:23,242 INFO: import_clients() --> New ID added: 100000512
2016-08-27 00:02:23,242 INFO: import_clients() --> Transferring ID: 100000665
2016-08-27 00:02:23,242 INFO: import_client() --> Checking transfer status for ID: 100000665
2016-08-27 00:02:23,773 INFO: import_client() --> Transferring main profile for ID: 100000665
2016-08-27 00:02:25,538 INFO: import_client() --> ...Created new client ID: 100000513
2016-08-27 00:02:25,552 INFO: import_client() --> ...Transferring custom fields...
2016-08-27 00:02:26,348 INFO: import_client() --> ...Updating record ID references...
2016-08-27 00:02:28,161 INFO: import_client() --> ...Transferring contact logs...
2016-08-27 00:02:29,273 INFO: import_client() --> ...Retrieving client interests for client types...
2016-08-27 00:02:29,849 INFO: import_client() --> ...Retrieving class history for client types...
2016-08-27 00:02:30,177 INFO: import_client() --> ...Updating client types...
2016-08-27 00:02:30,177 INFO: import_client() --> Client transfer is complete: Old client ID 100000665 has been imported as new ID: 100000513
2016-08-27 00:02:30,177 INFO: import_clients() --> New ID added: 100000513
2016-08-27 00:02:30,177 INFO: import_clients() --> Transferring ID: 100001134
2016-08-27 00:02:30,177 INFO: import_client() --> Checking transfer status for ID: 100001134
2016-08-27 00:02:30,770 INFO: import_client() --> Transferring main profile for ID: 100001134
2016-08-27 00:02:33,553 INFO: import_client() --> ...Created new client ID: 100000514
2016-08-27 00:02:33,553 INFO: import_client() --> ...Transferring custom fields...
2016-08-27 00:02:34,053 INFO: import_client() --> ...Updating record ID references...
2016-08-27 00:02:55,999 ERROR: import_client() --> import_client() ERROR!!! --> 
2016-08-27 00:12:07,348 WARNING: get_client_list() --> *** Client 100003606 (A, SONNIE) has no contact information and will NOT be transferred.
2016-08-27 00:12:07,348 INFO: import_clients() --> Transferring ID: 100000669
2016-08-27 00:12:07,348 INFO: import_client() --> Checking transfer status for ID: 100000669
2016-08-27 00:12:07,941 INFO: import_client() --> Transferring main profile for ID: 100000669
2016-08-27 00:12:09,691 INFO: import_client() --> ...Created new client ID: 100000515
2016-08-27 00:12:09,691 INFO: import_client() --> ...Transferring custom fields...
2016-08-27 00:12:10,253 INFO: import_client() --> ...Updating record ID references...
2016-08-27 00:12:12,280 INFO: import_client() --> ...Transferring contact logs...
2016-08-27 00:12:13,375 INFO: import_client() --> ...Retrieving client interests for client types...
2016-08-27 00:12:34,493 ERROR: import_client() --> import_client() ERROR!!! --> 
2016-08-27 00:12:34,493 INFO: import_clients() --> Transferring ID: 100000944
2016-08-27 00:12:34,493 INFO: import_client() --> Checking transfer status for ID: 100000944
2016-08-27 00:12:35,259 INFO: import_client() --> Transferring main profile for ID: 100000944
2016-08-27 00:12:37,165 INFO: import_client() --> ...Created new client ID: 100000516
2016-08-27 00:12:37,165 INFO: import_client() --> ...Transferring custom fields...
2016-08-27 00:12:37,790 INFO: import_client() --> ...Updating record ID references...
2016-08-27 00:12:39,775 INFO: import_client() --> ...Transferring contact logs...
2016-08-27 00:12:41,667 INFO: import_client() --> ...Retrieving client interests for client types...
2016-08-27 00:12:42,134 INFO: import_client() --> ...Retrieving class history for client types...
2016-08-27 00:12:42,477 INFO: import_client() --> ...Updating client types...
2016-08-27 00:12:42,477 INFO: import_client() --> Client transfer is complete: Old client ID 100000944 has been imported as new ID: 100000516
2016-08-27 00:12:42,477 INFO: import_clients() --> New ID added: 100000516
2016-08-27 00:12:42,477 INFO: import_clients() --> Transferring ID: 100001177
2016-08-27 00:12:42,477 INFO: import_client() --> Checking transfer status for ID: 100001177
2016-08-27 00:12:43,023 INFO: import_client() --> Transferring main profile for ID: 100001177
2016-08-27 00:12:44,742 INFO: import_client() --> ...Created new client ID: 100000517
2016-08-27 00:12:44,742 INFO: import_client() --> ...Transferring custom fields...
2016-08-27 00:12:45,369 INFO: import_client() --> ...Updating record ID references...
2016-08-27 00:12:47,460 INFO: import_client() --> ...Transferring contact logs...
2016-08-27 00:12:49,066 INFO: import_client() --> ...Retrieving client interests for client types...
2016-08-27 00:12:49,628 INFO: import_client() --> ...Retrieving class history for client types...
2016-08-27 00:12:49,957 INFO: import_client() --> ...Updating client types...
2016-08-27 00:13:22,216 ERROR: import_client() --> import_client() ERROR!!! --> 
2016-08-27 00:13:22,217 INFO: import_clients() --> Transferring ID: 100008426
2016-08-27 00:13:22,219 INFO: import_client() --> Checking transfer status for ID: 100008426
2016-08-27 00:13:24,490 INFO: import_client() --> Transferring main profile for ID: 100008426
2016-08-27 00:13:26,160 INFO: import_client() --> ...Created new client ID: 100000518
2016-08-27 00:13:26,160 INFO: import_client() --> ...Transferring custom fields...
2016-08-27 00:13:26,767 INFO: import_client() --> ...Updating record ID references...
2016-08-27 00:13:28,720 INFO: import_client() --> ...Transferring contact logs...
2016-08-27 00:13:30,747 INFO: import_client() --> ...Retrieving client interests for client types...
2016-08-27 00:13:31,418 INFO: import_client() --> ...Retrieving class history for client types...
2016-08-27 00:13:31,778 INFO: import_client() --> ...Updating client types...
2016-08-27 00:13:31,778 INFO: import_client() --> Client transfer is complete: Old client ID 100008426 has been imported as new ID: 100000518
2016-08-27 00:13:31,778 INFO: import_clients() --> New ID added: 100000518
2016-08-27 00:13:31,778 INFO: import_clients() --> Transferring ID: 100000058
2016-08-27 00:13:31,778 INFO: import_client() --> Checking transfer status for ID: 100000058
2016-08-27 00:13:32,355 INFO: import_client() --> Transferring main profile for ID: 100000058
2016-08-27 00:13:34,000 INFO: import_client() --> ...Created new client ID: 100000519
2016-08-27 00:13:34,000 INFO: import_client() --> ...Transferring custom fields...
2016-08-27 00:13:34,576 INFO: import_client() --> ...Updating record ID references...
2016-08-27 00:13:36,701 INFO: import_client() --> ...Transferring contact logs...
2016-08-27 00:13:37,872 INFO: import_client() --> ...Retrieving client interests for client types...
2016-08-27 00:13:38,480 INFO: import_client() --> ...Retrieving class history for client types...
2016-08-27 00:13:38,792 INFO: import_client() --> ...Updating client types...
2016-08-27 00:13:38,792 INFO: import_client() --> Client transfer is complete: Old client ID 100000058 has been imported as new ID: 100000519
2016-08-27 00:13:38,792 INFO: import_clients() --> New ID added: 100000519
2016-08-27 00:13:38,792 INFO: import_clients() --> Transferring ID: 100000499
2016-08-27 00:13:38,792 INFO: import_client() --> Checking transfer status for ID: 100000499
2016-08-27 00:13:39,328 INFO: import_client() --> Transferring main profile for ID: 100000499
2016-08-27 00:13:41,028 INFO: import_client() --> ...Created new client ID: 100000520
2016-08-27 00:13:41,028 INFO: import_client() --> ...Transferring custom fields...
2016-08-27 00:13:41,561 INFO: import_client() --> ...Updating record ID references...
2016-08-27 00:13:43,799 INFO: import_client() --> ...Transferring contact logs...
2016-08-27 00:13:47,266 INFO: import_client() --> ...Retrieving client interests for client types...
2016-08-27 00:13:47,858 INFO: import_client() --> ...Retrieving class history for client types...
2016-08-27 00:13:48,203 INFO: import_client() --> ...Updating client types...
2016-08-27 00:14:08,719 INFO: import_client() --> Client transfer is complete: Old client ID 100000499 has been imported as new ID: 100000520
2016-08-27 00:14:08,719 INFO: import_clients() --> New ID added: 100000520
2016-08-27 00:14:08,719 INFO: import_clients() --> Transferring ID: 100009042
2016-08-27 00:14:08,719 INFO: import_client() --> Checking transfer status for ID: 100009042
2016-08-27 00:14:10,436 INFO: import_client() --> Transferring main profile for ID: 100009042
2016-08-27 00:14:12,170 INFO: import_client() --> ...Created new client ID: 100000521
2016-08-27 00:14:12,170 INFO: import_client() --> ...Transferring custom fields...
2016-08-27 00:14:12,717 INFO: import_client() --> ...Updating record ID references...
2016-08-27 00:14:14,832 INFO: import_client() --> ...Transferring contact logs...
2016-08-27 00:14:16,581 INFO: import_client() --> ...Retrieving client interests for client types...
2016-08-27 00:14:17,174 INFO: import_client() --> ...Retrieving class history for client types...
2016-08-27 00:14:17,548 INFO: import_client() --> ...Updating client types...
2016-08-27 00:14:36,183 INFO: import_client() --> Client transfer is complete: Old client ID 100009042 has been imported as new ID: 100000521
2016-08-27 00:14:36,183 INFO: import_clients() --> New ID added: 100000521
2016-08-27 00:14:36,183 INFO: import_clients() --> Transferring ID: 100005461
2016-08-27 00:14:36,183 INFO: import_client() --> Checking transfer status for ID: 100005461
2016-08-27 00:14:37,992 INFO: import_client() --> Transferring main profile for ID: 100005461
2016-08-27 00:14:40,147 INFO: import_client() --> ...Created new client ID: 100000522
2016-08-27 00:14:40,147 INFO: import_client() --> ...Transferring custom fields...
2016-08-27 00:14:40,710 INFO: import_client() --> ...Updating record ID references...
2016-08-27 00:14:42,615 INFO: import_client() --> ...Transferring contact logs...
2016-08-27 00:14:43,910 INFO: import_client() --> ...Retrieving client interests for client types...
2016-08-27 00:14:44,565 INFO: import_client() --> ...Retrieving class history for client types...
2016-08-27 00:14:44,846 INFO: import_client() --> ...Updating client types...
2016-08-27 00:14:44,846 INFO: import_client() --> Client transfer is complete: Old client ID 100005461 has been imported as new ID: 100000522
2016-08-27 00:14:44,846 INFO: import_clients() --> New ID added: 100000522
2016-08-27 00:14:44,846 INFO: import_clients() --> Transferring ID: 100000274
2016-08-27 00:14:44,846 INFO: import_client() --> Checking transfer status for ID: 100000274
2016-08-27 00:14:45,394 INFO: import_client() --> Transferring main profile for ID: 100000274
2016-08-27 00:14:47,519 INFO: import_client() --> ...Created new client ID: 100000523
2016-08-27 00:14:47,519 INFO: import_client() --> ...Transferring custom fields...
2016-08-27 00:14:48,280 INFO: import_client() --> ...Updating record ID references...
2016-08-27 00:14:50,144 INFO: import_client() --> ...Transferring contact logs...
2016-08-27 00:14:51,252 INFO: import_client() --> ...Retrieving client interests for client types...
2016-08-27 00:14:51,799 INFO: import_client() --> ...Retrieving class history for client types...
2016-08-27 00:14:52,096 INFO: import_client() --> ...Updating client types...
2016-08-27 00:14:52,096 INFO: import_client() --> Client transfer is complete: Old client ID 100000274 has been imported as new ID: 100000523
2016-08-27 00:14:52,096 INFO: import_clients() --> New ID added: 100000523
2016-08-27 00:14:52,111 INFO: import_clients() --> Transferring ID: %B0000004210624466652^BANNER/BRENT^491270110142210
2016-08-27 00:14:52,111 INFO: import_client() --> Checking transfer status for ID: %B0000004210624466652^BANNER/BRENT^491270110142210
2016-08-27 00:14:52,657 INFO: import_client() --> Transferring main profile for ID: %B0000004210624466652^BANNER/BRENT^491270110142210
2016-08-27 00:14:55,061 INFO: import_client() --> ...Created new client ID: 100000524
2016-08-27 00:14:55,061 INFO: import_client() --> ...Transferring custom fields...
2016-08-27 00:14:55,607 INFO: import_client() --> ...Updating record ID references...
2016-08-27 00:14:57,404 INFO: import_client() --> ...Transferring contact logs...
2016-08-27 00:14:59,417 INFO: import_client() --> ...Retrieving client interests for client types...
2016-08-27 00:14:59,980 INFO: import_client() --> ...Retrieving class history for client types...
2016-08-27 00:15:00,838 INFO: import_client() --> ...Updating client types...
2016-08-27 00:15:20,111 INFO: import_client() --> Client transfer is complete: Old client ID %B0000004210624466652^BANNER/BRENT^491270110142210 has been imported as new ID: 100000524
2016-08-27 00:15:20,111 INFO: import_clients() --> New ID added: 100000524
2016-08-27 00:15:20,111 INFO: import_clients() --> Transferring ID: 100004510
2016-08-27 00:15:20,111 INFO: import_client() --> Checking transfer status for ID: 100004510
2016-08-27 00:15:21,845 INFO: import_client() --> Transferring main profile for ID: 100004510
2016-08-27 00:15:24,049 INFO: import_client() --> ...Created new client ID: 100000525
2016-08-27 00:15:24,049 INFO: import_client() --> ...Transferring custom fields...
2016-08-27 00:15:24,595 INFO: import_client() --> ...Updating record ID references...
2016-08-27 00:15:26,644 INFO: import_client() --> ...Transferring contact logs...
2016-08-27 00:15:27,815 INFO: import_client() --> ...Retrieving client interests for client types...
2016-08-27 00:15:28,438 INFO: import_client() --> ...Retrieving class history for client types...
2016-08-27 00:15:28,782 INFO: import_client() --> ...Updating client types...
2016-08-27 00:15:28,782 INFO: import_client() --> Client transfer is complete: Old client ID 100004510 has been imported as new ID: 100000525
2016-08-27 00:15:28,782 INFO: import_clients() --> New ID added: 100000525
2016-08-27 00:15:28,782 INFO: import_clients() --> Transferring ID: 100007046
2016-08-27 00:15:28,782 INFO: import_client() --> Checking transfer status for ID: 100007046
2016-08-27 00:15:29,467 INFO: import_client() --> Old ID 100007046 has already been transferred to new ID: 100000031
2016-08-27 00:15:29,467 INFO: import_clients() --> New ID added: -1
2016-08-27 00:15:29,467 INFO: import_clients() --> Transferring ID: 100006951
2016-08-27 00:15:29,467 INFO: import_client() --> Checking transfer status for ID: 100006951
2016-08-27 00:15:30,138 INFO: import_client() --> Transferring main profile for ID: 100006951
2016-08-27 00:15:32,046 INFO: import_client() --> ...Created new client ID: 100000526
2016-08-27 00:15:32,046 INFO: import_client() --> ...Transferring custom fields...
2016-08-27 00:15:32,640 INFO: import_client() --> ...Updating record ID references...
2016-08-27 00:15:34,434 INFO: import_client() --> ...Transferring contact logs...
2016-08-27 00:15:41,082 INFO: import_client() --> ...Retrieving client interests for client types...
2016-08-27 00:15:41,831 INFO: import_client() --> ...Retrieving class history for client types...
2016-08-27 00:15:42,221 INFO: import_client() --> ...Updating client types...
2016-08-27 00:15:42,221 INFO: import_client() --> Client transfer is complete: Old client ID 100006951 has been imported as new ID: 100000526
2016-08-27 00:15:42,221 INFO: import_clients() --> New ID added: 100000526
2016-08-27 00:15:42,221 INFO: import_clients() --> Transferring ID: 100002455
2016-08-27 00:15:42,221 INFO: import_client() --> Checking transfer status for ID: 100002455
2016-08-27 00:15:42,829 INFO: import_client() --> Transferring main profile for ID: 100002455
2016-08-27 00:15:44,592 INFO: import_client() --> ...Created new client ID: 100000527
2016-08-27 00:15:44,592 INFO: import_client() --> ...Transferring custom fields...
2016-08-27 00:15:45,220 INFO: import_client() --> ...Updating record ID references...
2016-08-27 00:15:47,177 INFO: import_client() --> ...Transferring contact logs...
2016-08-27 00:15:48,789 INFO: import_client() --> ...Retrieving client interests for client types...
2016-08-27 00:15:49,355 INFO: import_client() --> ...Retrieving class history for client types...
2016-08-27 00:15:49,683 INFO: import_client() --> ...Updating client types...
2016-08-27 00:15:49,683 INFO: import_client() --> Client transfer is complete: Old client ID 100002455 has been imported as new ID: 100000527
2016-08-27 00:15:49,683 INFO: import_clients() --> New ID added: 100000527
2016-08-27 00:15:49,683 INFO: import_clients() --> Transferring ID: 100000833
2016-08-27 00:15:49,683 INFO: import_client() --> Checking transfer status for ID: 100000833
2016-08-27 00:15:50,338 INFO: import_client() --> Transferring main profile for ID: 100000833
2016-08-27 00:15:51,996 INFO: import_client() --> ...Created new client ID: 100000528
2016-08-27 00:15:51,996 INFO: import_client() --> ...Transferring custom fields...
2016-08-27 00:15:52,542 INFO: import_client() --> ...Updating record ID references...
2016-08-27 00:15:54,602 INFO: import_client() --> ...Transferring contact logs...
2016-08-27 00:15:58,448 INFO: import_client() --> ...Retrieving client interests for client types...
2016-08-27 00:15:58,996 INFO: import_client() --> ...Retrieving class history for client types...
2016-08-27 00:15:59,325 INFO: import_client() --> ...Updating client types...
2016-08-27 00:16:16,947 INFO: import_client() --> Client transfer is complete: Old client ID 100000833 has been imported as new ID: 100000528
2016-08-27 00:16:16,947 INFO: import_clients() --> New ID added: 100000528
2016-08-27 00:16:16,947 INFO: import_clients() --> Transferring ID: 100009942
2016-08-27 00:16:16,947 INFO: import_client() --> Checking transfer status for ID: 100009942
2016-08-27 00:16:18,585 INFO: import_client() --> Transferring main profile for ID: 100009942
2016-08-27 00:16:20,650 INFO: import_client() --> ...Created new client ID: 100000529
2016-08-27 00:16:20,650 INFO: import_client() --> ...Transferring custom fields...
2016-08-27 00:16:21,217 INFO: import_client() --> ...Updating record ID references...
2016-08-27 00:16:23,591 INFO: import_client() --> ...Transferring contact logs...
2016-08-27 00:16:27,684 INFO: import_client() --> ...Retrieving client interests for client types...
2016-08-27 00:16:28,214 INFO: import_client() --> ...Retrieving class history for client types...
2016-08-27 00:16:28,730 INFO: import_client() --> ...Updating client types...
2016-08-27 00:16:47,829 INFO: import_client() --> Client transfer is complete: Old client ID 100009942 has been imported as new ID: 100000529
2016-08-27 00:16:47,829 INFO: import_clients() --> New ID added: 100000529
2016-08-27 00:16:47,829 INFO: import_clients() --> Transferring ID: 100008759
2016-08-27 00:16:47,829 INFO: import_client() --> Checking transfer status for ID: 100008759
2016-08-27 00:16:49,562 INFO: import_client() --> Transferring main profile for ID: 100008759
2016-08-27 00:16:51,137 INFO: import_client() --> ...Created new client ID: 100000530
2016-08-27 00:16:51,137 INFO: import_client() --> ...Transferring custom fields...
2016-08-27 00:16:51,746 INFO: import_client() --> ...Updating record ID references...
2016-08-27 00:16:53,618 INFO: import_client() --> ...Transferring contact logs...
2016-08-27 00:16:55,311 INFO: import_client() --> ...Retrieving client interests for client types...
2016-08-27 00:16:55,907 INFO: import_client() --> ...Retrieving class history for client types...
2016-08-27 00:16:56,203 INFO: import_client() --> ...Updating client types...
2016-08-27 00:16:56,203 INFO: import_client() --> Client transfer is complete: Old client ID 100008759 has been imported as new ID: 100000530
2016-08-27 00:16:56,203 INFO: import_clients() --> New ID added: 100000530
2016-08-27 00:16:56,219 INFO: import_clients() --> Transferring ID: 100000523
2016-08-27 00:16:56,219 INFO: import_client() --> Checking transfer status for ID: 100000523
2016-08-27 00:16:56,858 INFO: import_client() --> Transferring main profile for ID: 100000523
2016-08-27 00:16:58,845 INFO: import_client() --> ...Created new client ID: 100000531
2016-08-27 00:16:58,845 INFO: import_client() --> ...Transferring custom fields...
2016-08-27 00:16:59,359 INFO: import_client() --> ...Updating record ID references...
2016-08-27 00:17:01,155 INFO: import_client() --> ...Transferring contact logs...
2016-08-27 00:17:09,279 INFO: import_client() --> ...Retrieving client interests for client types...
2016-08-27 00:17:10,187 INFO: import_client() --> ...Retrieving class history for client types...
2016-08-27 00:17:10,622 INFO: import_client() --> ...Updating client types...
2016-08-27 00:17:30,253 INFO: import_client() --> Client transfer is complete: Old client ID 100000523 has been imported as new ID: 100000531
2016-08-27 00:17:30,253 INFO: import_clients() --> New ID added: 100000531
2016-08-27 00:17:30,253 INFO: import_clients() --> Transferring ID: 2
2016-08-27 00:17:30,253 INFO: import_client() --> Checking transfer status for ID: 2
2016-08-27 00:17:31,892 INFO: import_client() --> Transferring main profile for ID: 2
2016-08-27 00:17:32,845 ERROR: import_profile() --> import_profile() ERROR!!! --> coercing to Unicode: need string or buffer, NoneType found
2016-08-27 00:17:33,625 INFO: import_client() --> ...Created new client ID: 100000532
2016-08-27 00:17:33,625 INFO: import_client() --> ...Transferring custom fields...
2016-08-27 00:17:34,236 INFO: import_client() --> ...Updating record ID references...
2016-08-27 00:17:36,125 INFO: import_client() --> ...Transferring contact logs...
2016-08-27 00:17:37,437 INFO: import_client() --> ...Retrieving client interests for client types...
2016-08-27 00:17:38,095 INFO: import_client() --> ...Retrieving class history for client types...
2016-08-27 00:17:38,375 INFO: import_client() --> ...Updating client types...
2016-08-27 00:17:38,375 INFO: import_client() --> Client transfer is complete: Old client ID 2 has been imported as new ID: 100000532
2016-08-27 00:17:38,375 INFO: import_clients() --> New ID added: 100000532
2016-08-27 00:17:38,375 INFO: import_clients() --> Transferring ID: 100002569
2016-08-27 00:17:38,375 INFO: import_client() --> Checking transfer status for ID: 100002569
2016-08-27 00:17:38,937 INFO: import_client() --> Transferring main profile for ID: 100002569
2016-08-27 00:17:41,216 INFO: import_client() --> ...Created new client ID: 100000533
2016-08-27 00:17:41,216 INFO: import_client() --> ...Transferring custom fields...
2016-08-27 00:17:41,746 INFO: import_client() --> ...Updating record ID references...
2016-08-27 00:17:43,539 INFO: import_client() --> ...Transferring contact logs...
2016-08-27 00:17:53,822 INFO: import_client() --> ...Retrieving client interests for client types...
2016-08-27 00:17:54,509 INFO: import_client() --> ...Retrieving class history for client types...
2016-08-27 00:17:54,898 INFO: import_client() --> ...Updating client types...
2016-08-27 00:18:13,894 INFO: import_client() --> Client transfer is complete: Old client ID 100002569 has been imported as new ID: 100000533
2016-08-27 00:18:13,894 INFO: import_clients() --> New ID added: 100000533
2016-08-27 00:18:13,894 INFO: import_clients() --> Transferring ID: 100007711
2016-08-27 00:18:13,894 INFO: import_client() --> Checking transfer status for ID: 100007711
2016-08-27 00:18:15,687 INFO: import_client() --> Transferring main profile for ID: 100007711
2016-08-27 00:18:17,357 INFO: import_client() --> ...Created new client ID: 100000534
2016-08-27 00:18:17,357 INFO: import_client() --> ...Transferring custom fields...
2016-08-27 00:18:17,841 INFO: import_client() --> ...Updating record ID references...
2016-08-27 00:18:20,032 INFO: import_client() --> ...Transferring contact logs...
2016-08-27 00:18:22,357 INFO: import_client() --> ...Retrieving client interests for client types...
2016-08-27 00:18:22,903 INFO: import_client() --> ...Retrieving class history for client types...
2016-08-27 00:18:23,276 INFO: import_client() --> ...Updating client types...
2016-08-27 00:18:43,155 INFO: import_client() --> Client transfer is complete: Old client ID 100007711 has been imported as new ID: 100000534
2016-08-27 00:18:43,155 INFO: import_clients() --> New ID added: 100000534
2016-08-27 00:18:43,155 INFO: import_clients() --> Transferring ID: 100007646
2016-08-27 00:18:43,155 INFO: import_client() --> Checking transfer status for ID: 100007646
2016-08-27 00:18:44,983 INFO: import_client() --> Transferring main profile for ID: 100007646
2016-08-27 00:18:47,496 INFO: import_client() --> ...Created new client ID: 100000535
2016-08-27 00:18:47,496 INFO: import_client() --> ...Transferring custom fields...
2016-08-27 00:18:48,032 INFO: import_client() --> ...Updating record ID references...
2016-08-27 00:18:50,904 INFO: import_client() --> ...Transferring contact logs...
2016-08-27 00:19:02,253 INFO: import_client() --> ...Retrieving client interests for client types...
2016-08-27 00:19:03,190 INFO: import_client() --> ...Retrieving class history for client types...
2016-08-27 00:19:04,063 INFO: import_client() --> ...Updating client types...
2016-08-27 00:19:25,815 INFO: import_client() --> Client transfer is complete: Old client ID 100007646 has been imported as new ID: 100000535
2016-08-27 00:19:25,815 INFO: import_clients() --> New ID added: 100000535
2016-08-27 00:19:25,815 INFO: import_clients() --> Transferring ID: 100010428
2016-08-27 00:19:25,815 INFO: import_client() --> Checking transfer status for ID: 100010428
2016-08-27 00:19:27,594 INFO: import_client() --> Transferring main profile for ID: 100010428
2016-08-27 00:19:29,391 INFO: import_client() --> ...Created new client ID: 100000536
2016-08-27 00:19:29,391 INFO: import_client() --> ...Transferring custom fields...
2016-08-27 00:19:29,973 INFO: import_client() --> ...Updating record ID references...
2016-08-27 00:19:31,894 INFO: import_client() --> ...Transferring contact logs...
2016-08-27 00:19:32,924 INFO: import_client() --> ...Retrieving client interests for client types...
2016-08-27 00:19:33,516 INFO: import_client() --> ...Retrieving class history for client types...
2016-08-27 00:19:33,875 INFO: import_client() --> ...Updating client types...
2016-08-27 00:19:33,875 INFO: import_client() --> Client transfer is complete: Old client ID 100010428 has been imported as new ID: 100000536
2016-08-27 00:19:33,875 INFO: import_clients() --> New ID added: 100000536
2016-08-27 00:19:33,875 INFO: import_clients() --> Transferring ID: 100002360
2016-08-27 00:19:33,875 INFO: import_client() --> Checking transfer status for ID: 100002360
2016-08-27 00:19:34,516 INFO: import_client() --> Transferring main profile for ID: 100002360
2016-08-27 00:19:36,298 INFO: import_client() --> ...Created new client ID: 100000537
2016-08-27 00:19:36,298 INFO: import_client() --> ...Transferring custom fields...
2016-08-27 00:19:36,921 INFO: import_client() --> ...Updating record ID references...
2016-08-27 00:19:39,188 INFO: import_client() --> ...Transferring contact logs...
2016-08-27 00:19:44,984 INFO: import_client() --> ...Retrieving client interests for client types...
2016-08-27 00:19:45,546 INFO: import_client() --> ...Retrieving class history for client types...
2016-08-27 00:19:45,936 INFO: import_client() --> ...Updating client types...
2016-08-27 00:20:04,561 INFO: import_client() --> Client transfer is complete: Old client ID 100002360 has been imported as new ID: 100000537
2016-08-27 00:20:04,561 INFO: import_clients() --> New ID added: 100000537
2016-08-27 00:20:04,561 INFO: import_clients() --> Transferring ID: 100010276
2016-08-27 00:20:04,561 INFO: import_client() --> Checking transfer status for ID: 100010276
2016-08-27 00:20:06,499 INFO: import_client() --> Transferring main profile for ID: 100010276
2016-08-27 00:20:08,309 INFO: import_client() --> ...Created new client ID: 100000538
2016-08-27 00:20:08,309 INFO: import_client() --> ...Transferring custom fields...
2016-08-27 00:20:08,917 INFO: import_client() --> ...Updating record ID references...
2016-08-27 00:20:10,726 INFO: import_client() --> ...Transferring contact logs...
2016-08-27 00:20:12,415 INFO: import_client() --> ...Retrieving client interests for client types...
2016-08-27 00:20:12,930 INFO: import_client() --> ...Retrieving class history for client types...
2016-08-27 00:20:13,351 INFO: import_client() --> ...Updating client types...
2016-08-27 00:20:31,015 INFO: import_client() --> Client transfer is complete: Old client ID 100010276 has been imported as new ID: 100000538
2016-08-27 00:20:31,015 INFO: import_clients() --> New ID added: 100000538
2016-08-27 00:20:31,015 INFO: import_clients() --> Transferring ID: 100007676
2016-08-27 00:20:31,015 INFO: import_client() --> Checking transfer status for ID: 100007676
2016-08-27 00:20:32,858 INFO: import_client() --> Transferring main profile for ID: 100007676
2016-08-27 00:20:34,545 INFO: import_client() --> ...Created new client ID: 100000539
2016-08-27 00:20:34,545 INFO: import_client() --> ...Transferring custom fields...
2016-08-27 00:20:35,075 INFO: import_client() --> ...Updating record ID references...
2016-08-27 00:20:37,009 INFO: import_client() --> ...Transferring contact logs...
2016-08-27 00:20:39,335 INFO: import_client() --> ...Retrieving client interests for client types...
2016-08-27 00:20:39,947 INFO: import_client() --> ...Retrieving class history for client types...
2016-08-27 00:20:40,338 INFO: import_client() --> ...Updating client types...
2016-08-27 00:21:00,516 INFO: import_client() --> Client transfer is complete: Old client ID 100007676 has been imported as new ID: 100000539
2016-08-27 00:21:00,516 INFO: import_clients() --> New ID added: 100000539
2016-08-27 00:21:00,516 INFO: import_clients() --> Transferring ID: 100002918
2016-08-27 00:21:00,516 INFO: import_client() --> Checking transfer status for ID: 100002918
2016-08-27 00:21:02,359 INFO: import_client() --> Old ID 100002918 has already been transferred to new ID: 100000128
2016-08-27 00:21:02,359 INFO: import_clients() --> New ID added: -1
2016-08-27 00:38:12,490 WARNING: get_client_list() --> *** Client 100005533 (ACOEE, GREG) has no contact information and will NOT be transferred.
2016-08-27 00:38:12,490 WARNING: get_client_list() --> *** Client 100006746 (ACOSTA, ESAI) has no contact information and will NOT be transferred.
2016-08-27 00:38:12,490 INFO: import_clients() --> Transferring ID: 100000155
2016-08-27 00:38:12,490 INFO: import_client() --> Checking transfer status for ID: 100000155
2016-08-27 00:38:13,052 INFO: import_client() --> Transferring main profile for ID: 100000155
2016-08-27 00:38:14,752 INFO: import_client() --> ...Created new client ID: 100000540
2016-08-27 00:38:14,752 INFO: import_client() --> ...Transferring custom fields...
2016-08-27 00:38:15,345 INFO: import_client() --> ...Updating record ID references...
2016-08-27 00:38:17,302 INFO: import_client() --> ...Transferring contact logs...
2016-08-27 00:38:18,940 INFO: import_client() --> ...Retrieving client interests for client types...
2016-08-27 00:38:19,536 INFO: import_client() --> ...Retrieving class history for client types...
2016-08-27 00:38:19,864 INFO: import_client() --> ...Updating client types...
2016-08-27 00:38:19,864 INFO: import_client() --> Client transfer is complete: Old client ID 100000155 has been imported as new ID: 100000540
2016-08-27 00:38:19,864 INFO: import_clients() --> New ID added: 100000540
2016-08-27 00:38:19,864 INFO: import_clients() --> Transferring ID: 100001528
2016-08-27 00:38:19,864 INFO: import_client() --> Checking transfer status for ID: 100001528
2016-08-27 00:38:20,410 INFO: import_client() --> Transferring main profile for ID: 100001528
2016-08-27 00:38:22,000 INFO: import_client() --> ...Created new client ID: 100000541
2016-08-27 00:38:22,000 INFO: import_client() --> ...Transferring custom fields...
2016-08-27 00:38:22,579 INFO: import_client() --> ...Updating record ID references...
2016-08-27 00:38:24,411 INFO: import_client() --> ...Transferring contact logs...
2016-08-27 00:38:32,223 INFO: import_client() --> ...Retrieving client interests for client types...
2016-08-27 00:38:32,816 INFO: import_client() --> ...Retrieving class history for client types...
2016-08-27 00:38:33,177 INFO: import_client() --> ...Updating client types...
2016-08-27 00:38:52,323 INFO: import_client() --> Client transfer is complete: Old client ID 100001528 has been imported as new ID: 100000541
2016-08-27 00:38:52,323 INFO: import_clients() --> New ID added: 100000541
2016-08-27 00:38:52,323 INFO: import_clients() --> Transferring ID: 100008609
2016-08-27 00:38:52,323 INFO: import_client() --> Checking transfer status for ID: 100008609
2016-08-27 00:38:54,009 INFO: import_client() --> Transferring main profile for ID: 100008609
2016-08-27 00:38:55,648 INFO: import_client() --> ...Created new client ID: 100000542
2016-08-27 00:38:55,648 INFO: import_client() --> ...Transferring custom fields...
2016-08-27 00:38:56,210 INFO: import_client() --> ...Updating record ID references...
2016-08-27 00:38:57,976 INFO: import_client() --> ...Transferring contact logs...
2016-08-27 00:38:59,921 INFO: import_client() --> ...Retrieving client interests for client types...
2016-08-27 00:39:00,388 INFO: import_client() --> ...Retrieving class history for client types...
2016-08-27 00:39:00,700 INFO: import_client() --> ...Updating client types...
2016-08-27 00:39:00,700 INFO: import_client() --> Client transfer is complete: Old client ID 100008609 has been imported as new ID: 100000542
2016-08-27 00:39:00,700 INFO: import_clients() --> New ID added: 100000542
2016-08-27 00:39:00,700 INFO: import_clients() --> Transferring ID: 100004485
2016-08-27 00:39:00,700 INFO: import_client() --> Checking transfer status for ID: 100004485
2016-08-27 00:39:01,216 INFO: import_client() --> Transferring main profile for ID: 100004485
2016-08-27 00:39:03,059 INFO: import_client() --> ...Created new client ID: 100000543
2016-08-27 00:39:03,059 INFO: import_client() --> ...Transferring custom fields...
2016-08-27 00:39:03,714 INFO: import_client() --> ...Updating record ID references...
2016-08-27 00:39:05,556 INFO: import_client() --> ...Transferring contact logs...
2016-08-27 00:39:07,403 INFO: import_client() --> ...Retrieving client interests for client types...
2016-08-27 00:39:07,933 INFO: import_client() --> ...Retrieving class history for client types...
2016-08-27 00:39:08,494 INFO: import_client() --> ...Updating client types...
2016-08-27 00:39:27,158 INFO: import_client() --> Client transfer is complete: Old client ID 100004485 has been imported as new ID: 100000543
2016-08-27 00:39:27,158 INFO: import_clients() --> New ID added: 100000543
2016-08-27 00:39:27,158 INFO: import_clients() --> Transferring ID: 100007236
2016-08-27 00:39:27,158 INFO: import_client() --> Checking transfer status for ID: 100007236
2016-08-27 00:39:28,812 INFO: import_client() --> Transferring main profile for ID: 100007236
2016-08-27 00:39:30,390 INFO: import_client() --> ...Created new client ID: 100000544
2016-08-27 00:39:30,390 INFO: import_client() --> ...Transferring custom fields...
2016-08-27 00:39:30,874 INFO: import_client() --> ...Updating record ID references...
2016-08-27 00:39:32,811 INFO: import_client() --> ...Transferring contact logs...
2016-08-27 00:39:33,890 INFO: import_client() --> ...Retrieving client interests for client types...
2016-08-27 00:39:34,476 INFO: import_client() --> ...Retrieving class history for client types...
2016-08-27 00:39:34,773 INFO: import_client() --> ...Updating client types...
2016-08-27 00:39:34,773 INFO: import_client() --> Client transfer is complete: Old client ID 100007236 has been imported as new ID: 100000544
2016-08-27 00:39:34,773 INFO: import_clients() --> New ID added: 100000544
2016-08-27 00:39:34,773 INFO: import_clients() --> Transferring ID: 100001389
2016-08-27 00:39:34,773 INFO: import_client() --> Checking transfer status for ID: 100001389
2016-08-27 00:39:35,349 INFO: import_client() --> Transferring main profile for ID: 100001389
2016-08-27 00:39:37,112 INFO: import_client() --> ...Created new client ID: 100000545
2016-08-27 00:39:37,112 INFO: import_client() --> ...Transferring custom fields...
2016-08-27 00:39:37,736 INFO: import_client() --> ...Updating record ID references...
2016-08-27 00:39:39,641 INFO: import_client() --> ...Transferring contact logs...
2016-08-27 00:39:46,678 INFO: import_client() --> ...Retrieving client interests for client types...
2016-08-27 00:39:47,319 INFO: import_client() --> ...Retrieving class history for client types...
2016-08-27 00:39:47,677 INFO: import_client() --> ...Updating client types...
2016-08-27 00:40:07,154 INFO: import_client() --> Client transfer is complete: Old client ID 100001389 has been imported as new ID: 100000545
2016-08-27 00:40:07,154 INFO: import_clients() --> New ID added: 100000545
2016-08-27 00:40:07,154 INFO: import_clients() --> Transferring ID: 100008608
2016-08-27 00:40:07,154 INFO: import_client() --> Checking transfer status for ID: 100008608
2016-08-27 00:40:08,908 INFO: import_client() --> Transferring main profile for ID: 100008608
2016-08-27 00:40:10,562 INFO: import_client() --> ...Created new client ID: 100000546
2016-08-27 00:40:10,562 INFO: import_client() --> ...Transferring custom fields...
2016-08-27 00:40:11,108 INFO: import_client() --> ...Updating record ID references...
2016-08-27 00:40:12,964 INFO: import_client() --> ...Transferring contact logs...
2016-08-27 00:40:15,635 INFO: import_client() --> ...Retrieving client interests for client types...
2016-08-27 00:40:16,312 INFO: import_client() --> ...Retrieving class history for client types...
2016-08-27 00:40:16,749 INFO: import_client() --> ...Updating client types...
2016-08-27 00:40:16,749 INFO: import_client() --> Client transfer is complete: Old client ID 100008608 has been imported as new ID: 100000546
2016-08-27 00:40:16,749 INFO: import_clients() --> New ID added: 100000546
2016-08-27 00:40:16,749 INFO: import_clients() --> Transferring ID: 100007840
2016-08-27 00:40:16,749 INFO: import_client() --> Checking transfer status for ID: 100007840
2016-08-27 00:40:17,576 INFO: import_client() --> Transferring main profile for ID: 100007840
2016-08-27 00:40:19,385 INFO: import_client() --> ...Created new client ID: 100000547
2016-08-27 00:40:19,385 INFO: import_client() --> ...Transferring custom fields...
2016-08-27 00:40:19,931 INFO: import_client() --> ...Updating record ID references...
2016-08-27 00:40:23,005 INFO: import_client() --> ...Transferring contact logs...
2016-08-27 00:40:28,486 INFO: import_client() --> ...Retrieving client interests for client types...
2016-08-27 00:40:29,157 INFO: import_client() --> ...Retrieving class history for client types...
2016-08-27 00:40:29,548 INFO: import_client() --> ...Updating client types...
2016-08-27 00:40:47,555 INFO: import_client() --> Client transfer is complete: Old client ID 100007840 has been imported as new ID: 100000547
2016-08-27 00:40:47,555 INFO: import_clients() --> New ID added: 100000547
2016-08-27 00:40:47,555 INFO: import_clients() --> Transferring ID: 100008611
2016-08-27 00:40:47,555 INFO: import_client() --> Checking transfer status for ID: 100008611
2016-08-27 00:40:49,444 INFO: import_client() --> Transferring main profile for ID: 100008611
2016-08-27 00:40:51,302 INFO: import_client() --> ...Created new client ID: 100000548
2016-08-27 00:40:51,302 INFO: import_client() --> ...Transferring custom fields...
2016-08-27 00:40:51,973 INFO: import_client() --> ...Updating record ID references...
2016-08-27 00:40:53,937 INFO: import_client() --> ...Transferring contact logs...
2016-08-27 00:40:55,747 INFO: import_client() --> ...Retrieving client interests for client types...
2016-08-27 00:40:56,496 INFO: import_client() --> ...Retrieving class history for client types...
2016-08-27 00:40:56,871 INFO: import_client() --> ...Updating client types...
2016-08-27 00:40:56,871 INFO: import_client() --> Client transfer is complete: Old client ID 100008611 has been imported as new ID: 100000548
2016-08-27 00:40:56,871 INFO: import_clients() --> New ID added: 100000548
2016-08-27 00:40:56,871 INFO: import_clients() --> Transferring ID: 100000582
2016-08-27 00:40:56,871 INFO: import_client() --> Checking transfer status for ID: 100000582
2016-08-27 00:40:57,447 INFO: import_client() --> Transferring main profile for ID: 100000582
2016-08-27 00:40:59,540 INFO: import_client() --> ...Created new client ID: 100000549
2016-08-27 00:40:59,540 INFO: import_client() --> ...Transferring custom fields...
2016-08-27 00:41:00,289 INFO: import_client() --> ...Updating record ID references...
2016-08-27 00:41:02,240 INFO: import_client() --> ...Transferring contact logs...
2016-08-27 00:41:03,346 INFO: import_client() --> ...Retrieving client interests for client types...
2016-08-27 00:41:03,927 INFO: import_client() --> ...Retrieving class history for client types...
2016-08-27 00:41:04,270 INFO: import_client() --> ...Updating client types...
2016-08-27 00:41:04,270 INFO: import_client() --> Client transfer is complete: Old client ID 100000582 has been imported as new ID: 100000549
2016-08-27 00:41:04,270 INFO: import_clients() --> New ID added: 100000549
2016-08-27 00:41:04,270 INFO: import_clients() --> Transferring ID: 100008124
2016-08-27 00:41:04,270 INFO: import_client() --> Checking transfer status for ID: 100008124
2016-08-27 00:41:04,801 INFO: import_client() --> Transferring main profile for ID: 100008124
2016-08-27 00:41:06,487 INFO: import_client() --> ...Created new client ID: 100000550
2016-08-27 00:41:06,487 INFO: import_client() --> ...Transferring custom fields...
2016-08-27 00:41:07,017 INFO: import_client() --> ...Updating record ID references...
2016-08-27 00:41:09,227 INFO: import_client() --> ...Transferring contact logs...
2016-08-27 00:41:10,285 INFO: import_client() --> ...Retrieving client interests for client types...
2016-08-27 00:41:10,832 INFO: import_client() --> ...Retrieving class history for client types...
2016-08-27 00:41:11,151 INFO: import_client() --> ...Updating client types...
2016-08-27 00:41:11,151 INFO: import_client() --> Client transfer is complete: Old client ID 100008124 has been imported as new ID: 100000550
2016-08-27 00:41:11,151 INFO: import_clients() --> New ID added: 100000550
2016-08-27 00:41:11,151 INFO: import_clients() --> Transferring ID: 100005617
2016-08-27 00:41:11,151 INFO: import_client() --> Checking transfer status for ID: 100005617
2016-08-27 00:41:11,729 INFO: import_client() --> Transferring main profile for ID: 100005617
2016-08-27 00:41:13,414 INFO: import_client() --> ...Created new client ID: 100000551
2016-08-27 00:41:13,414 INFO: import_client() --> ...Transferring custom fields...
2016-08-27 00:41:13,976 INFO: import_client() --> ...Updating record ID references...
2016-08-27 00:41:15,976 INFO: import_client() --> ...Transferring contact logs...
2016-08-27 00:41:19,151 INFO: import_client() --> ...Retrieving client interests for client types...
2016-08-27 00:41:19,762 INFO: import_client() --> ...Retrieving class history for client types...
2016-08-27 00:41:20,073 INFO: import_client() --> ...Updating client types...
2016-08-27 00:41:38,542 INFO: import_client() --> Client transfer is complete: Old client ID 100005617 has been imported as new ID: 100000551
2016-08-27 00:41:38,542 INFO: import_clients() --> New ID added: 100000551
2016-08-27 00:41:38,542 INFO: import_clients() --> Transferring ID: 100009649
2016-08-27 00:41:38,542 INFO: import_client() --> Checking transfer status for ID: 100009649
2016-08-27 00:41:40,404 INFO: import_client() --> Transferring main profile for ID: 100009649
2016-08-27 00:41:42,029 INFO: import_client() --> ...Created new client ID: 100000552
2016-08-27 00:41:42,029 INFO: import_client() --> ...Transferring custom fields...
2016-08-27 00:41:42,591 INFO: import_client() --> ...Updating record ID references...
2016-08-27 00:41:45,196 INFO: import_client() --> ...Transferring contact logs...
2016-08-27 00:41:46,913 INFO: import_client() --> ...Retrieving client interests for client types...
2016-08-27 00:41:47,569 INFO: import_client() --> ...Retrieving class history for client types...
2016-08-27 00:41:47,913 INFO: import_client() --> ...Updating client types...
2016-08-27 00:41:47,913 INFO: import_client() --> Client transfer is complete: Old client ID 100009649 has been imported as new ID: 100000552
2016-08-27 00:41:47,913 INFO: import_clients() --> New ID added: 100000552
2016-08-27 00:41:47,913 INFO: import_clients() --> Transferring ID: 100006544
2016-08-27 00:41:47,913 INFO: import_client() --> Checking transfer status for ID: 100006544
2016-08-27 00:41:48,757 INFO: import_client() --> Transferring main profile for ID: 100006544
2016-08-27 00:41:50,614 INFO: import_client() --> ...Created new client ID: 100000553
2016-08-27 00:41:50,630 INFO: import_client() --> ...Transferring custom fields...
2016-08-27 00:41:51,190 INFO: import_client() --> ...Updating record ID references...
2016-08-27 00:41:53,289 INFO: import_client() --> ...Transferring contact logs...
2016-08-27 00:42:00,719 INFO: import_client() --> ...Retrieving client interests for client types...
2016-08-27 00:42:01,529 INFO: import_client() --> ...Retrieving class history for client types...
2016-08-27 00:42:01,874 INFO: import_client() --> ...Updating client types...
2016-08-27 00:42:01,874 INFO: import_client() --> Client transfer is complete: Old client ID 100006544 has been imported as new ID: 100000553
2016-08-27 00:42:01,874 INFO: import_clients() --> New ID added: 100000553
2016-08-27 00:42:01,874 INFO: import_clients() --> Transferring ID: 100000611
2016-08-27 00:42:01,874 INFO: import_client() --> Checking transfer status for ID: 100000611
2016-08-27 00:42:02,497 INFO: import_client() --> Old ID 100000611 has already been transferred to new ID: 100000425
2016-08-27 00:42:02,497 INFO: import_clients() --> New ID added: -1
2016-08-27 00:42:02,497 INFO: import_clients() --> Transferring ID: 100000447
2016-08-27 00:42:02,497 INFO: import_client() --> Checking transfer status for ID: 100000447
2016-08-27 00:42:03,121 INFO: import_client() --> Transferring main profile for ID: 100000447
2016-08-27 00:42:05,058 INFO: import_client() --> ...Created new client ID: 100000554
2016-08-27 00:42:05,058 INFO: import_client() --> ...Transferring custom fields...
2016-08-27 00:42:05,743 INFO: import_client() --> ...Updating record ID references...
2016-08-27 00:42:07,686 INFO: import_client() --> ...Transferring contact logs...
2016-08-27 00:42:10,430 INFO: import_client() --> ...Retrieving client interests for client types...
2016-08-27 00:42:10,914 INFO: import_client() --> ...Retrieving class history for client types...
2016-08-27 00:42:11,309 INFO: import_client() --> ...Updating client types...
2016-08-27 00:42:29,355 INFO: import_client() --> Client transfer is complete: Old client ID 100000447 has been imported as new ID: 100000554
2016-08-27 00:42:29,355 INFO: import_clients() --> New ID added: 100000554
2016-08-27 00:42:29,355 INFO: import_clients() --> Transferring ID: 100002117
2016-08-27 00:42:29,355 INFO: import_client() --> Checking transfer status for ID: 100002117
2016-08-27 00:42:31,197 INFO: import_client() --> Transferring main profile for ID: 100002117
2016-08-27 00:42:32,825 INFO: import_client() --> ...Created new client ID: 100000555
2016-08-27 00:42:32,825 INFO: import_client() --> ...Transferring custom fields...
2016-08-27 00:42:33,325 INFO: import_client() --> ...Updating record ID references...
2016-08-27 00:42:35,197 INFO: import_client() --> ...Transferring contact logs...
2016-08-27 00:42:36,276 INFO: import_client() --> ...Retrieving client interests for client types...
2016-08-27 00:42:36,806 INFO: import_client() --> ...Retrieving class history for client types...
2016-08-27 00:42:37,183 INFO: import_client() --> ...Updating client types...
2016-08-27 00:42:37,183 INFO: import_client() --> Client transfer is complete: Old client ID 100002117 has been imported as new ID: 100000555
2016-08-27 00:42:37,183 INFO: import_clients() --> New ID added: 100000555
2016-08-27 00:42:37,183 INFO: import_clients() --> Transferring ID: 100005165
2016-08-27 00:42:37,183 INFO: import_client() --> Checking transfer status for ID: 100005165
2016-08-27 00:42:37,854 INFO: import_client() --> Old ID 100005165 has already been transferred to new ID: 100000122
2016-08-27 00:42:37,854 INFO: import_clients() --> New ID added: -1
2016-08-27 00:42:37,854 INFO: import_clients() --> Transferring ID: 100007096
2016-08-27 00:42:37,854 INFO: import_client() --> Checking transfer status for ID: 100007096
2016-08-27 00:42:38,384 INFO: import_client() --> Transferring main profile for ID: 100007096
2016-08-27 00:42:40,210 INFO: import_client() --> ...Created new client ID: 100000556
2016-08-27 00:42:40,210 INFO: import_client() --> ...Transferring custom fields...
2016-08-27 00:42:40,740 INFO: import_client() --> ...Updating record ID references...
2016-08-27 00:42:42,486 INFO: import_client() --> ...Transferring contact logs...
2016-08-27 00:42:46,589 INFO: import_client() --> ...Retrieving client interests for client types...
2016-08-27 00:42:47,213 INFO: import_client() --> ...Retrieving class history for client types...
2016-08-27 00:42:47,510 INFO: import_client() --> ...Updating client types...
2016-08-27 00:43:05,723 INFO: import_client() --> Client transfer is complete: Old client ID 100007096 has been imported as new ID: 100000556
2016-08-27 00:43:05,723 INFO: import_clients() --> New ID added: 100000556
2016-08-27 00:43:05,723 INFO: import_clients() --> Transferring ID: 100002086
2016-08-27 00:43:05,723 INFO: import_client() --> Checking transfer status for ID: 100002086
2016-08-27 00:43:07,391 INFO: import_client() --> Old ID 100002086 has already been transferred to new ID: 100000426
2016-08-27 00:43:07,407 INFO: import_clients() --> New ID added: -1
2016-08-27 00:43:07,407 INFO: import_clients() --> Transferring ID: 100006272
2016-08-27 00:43:07,407 INFO: import_client() --> Checking transfer status for ID: 100006272
2016-08-27 00:43:07,891 INFO: import_client() --> Transferring main profile for ID: 100006272
2016-08-27 00:43:09,688 INFO: import_client() --> ...Created new client ID: 100000557
2016-08-27 00:43:09,688 INFO: import_client() --> ...Transferring custom fields...
2016-08-27 00:43:10,234 INFO: import_client() --> ...Updating record ID references...
2016-08-27 00:43:12,030 INFO: import_client() --> ...Transferring contact logs...
2016-08-27 00:43:13,716 INFO: import_client() --> ...Retrieving client interests for client types...
2016-08-27 00:43:14,292 INFO: import_client() --> ...Retrieving class history for client types...
2016-08-27 00:43:14,744 INFO: import_client() --> ...Updating client types...
2016-08-27 00:43:35,174 INFO: import_client() --> Client transfer is complete: Old client ID 100006272 has been imported as new ID: 100000557
2016-08-27 00:43:35,174 INFO: import_clients() --> New ID added: 100000557
2016-08-27 00:43:35,174 INFO: import_clients() --> Transferring ID: 4
2016-08-27 00:43:35,174 INFO: import_client() --> Checking transfer status for ID: 4
2016-08-27 00:43:36,845 INFO: import_client() --> Transferring main profile for ID: 4
2016-08-27 00:43:38,565 INFO: import_client() --> ...Created new client ID: 100000558
2016-08-27 00:43:38,565 INFO: import_client() --> ...Transferring custom fields...
2016-08-27 00:43:39,144 INFO: import_client() --> ...Updating record ID references...
2016-08-27 00:43:40,940 INFO: import_client() --> ...Transferring contact logs...
2016-08-27 00:43:41,970 INFO: import_client() --> ...Retrieving client interests for client types...
2016-08-27 00:43:42,563 INFO: import_client() --> ...Retrieving class history for client types...
2016-08-27 00:43:42,861 INFO: import_client() --> ...Updating client types...
2016-08-27 00:43:42,861 INFO: import_client() --> Client transfer is complete: Old client ID 4 has been imported as new ID: 100000558
2016-08-27 00:43:42,875 INFO: import_clients() --> New ID added: 100000558
2016-08-27 00:43:42,875 INFO: import_clients() --> Transferring ID: 100009296
2016-08-27 00:43:42,875 INFO: import_client() --> Checking transfer status for ID: 100009296
2016-08-27 00:43:43,453 INFO: import_client() --> Transferring main profile for ID: 100009296
2016-08-27 00:43:45,109 INFO: import_client() --> ...Created new client ID: 100000559
2016-08-27 00:43:45,109 INFO: import_client() --> ...Transferring custom fields...
2016-08-27 00:43:45,703 INFO: import_client() --> ...Updating record ID references...
2016-08-27 00:43:48,529 INFO: import_client() --> ...Transferring contact logs...
2016-08-27 00:43:50,369 INFO: import_client() --> ...Retrieving client interests for client types...
2016-08-27 00:43:50,884 INFO: import_client() --> ...Retrieving class history for client types...
2016-08-27 00:43:51,197 INFO: import_client() --> ...Updating client types...
2016-08-27 00:43:51,197 INFO: import_client() --> Client transfer is complete: Old client ID 100009296 has been imported as new ID: 100000559
2016-08-27 00:43:51,197 INFO: import_clients() --> New ID added: 100000559
2016-08-27 00:45:15,463 WARNING: get_client_list() --> *** Client 8 (ADEN, KENAN) has no contact information and will NOT be transferred.
2016-08-27 00:45:15,463 WARNING: get_client_list() --> *** Client 100009327 (AGRESOR, JEROME) has no contact information and will NOT be transferred.
2016-08-27 00:45:15,463 INFO: import_clients() --> Transferring ID: 100008538
2016-08-27 00:45:15,463 INFO: import_client() --> Checking transfer status for ID: 100008538
2016-08-27 00:45:16,053 INFO: import_client() --> Transferring main profile for ID: 100008538
2016-08-27 00:45:17,806 INFO: import_client() --> ...Created new client ID: 100000560
2016-08-27 00:45:17,806 INFO: import_client() --> ...Transferring custom fields...
2016-08-27 00:45:18,446 INFO: import_client() --> ...Updating record ID references...
2016-08-27 00:45:20,321 INFO: import_client() --> ...Transferring contact logs...
2016-08-27 00:45:22,772 INFO: import_client() --> ...Retrieving client interests for client types...
2016-08-27 00:45:23,335 INFO: import_client() --> ...Retrieving class history for client types...
2016-08-27 00:45:23,631 INFO: import_client() --> ...Updating client types...
2016-08-27 00:45:23,631 INFO: import_client() --> Client transfer is complete: Old client ID 100008538 has been imported as new ID: 100000560
2016-08-27 00:45:23,631 INFO: import_clients() --> New ID added: 100000560
2016-08-27 00:45:23,631 INFO: import_clients() --> Transferring ID: 5
2016-08-27 00:45:23,631 INFO: import_client() --> Checking transfer status for ID: 5
2016-08-27 00:45:24,170 INFO: import_client() --> Transferring main profile for ID: 5
2016-08-27 00:45:25,823 INFO: import_client() --> ...Created new client ID: 100000561
2016-08-27 00:45:25,823 INFO: import_client() --> ...Transferring custom fields...
2016-08-27 00:45:26,369 INFO: import_client() --> ...Updating record ID references...
2016-08-27 00:45:27,993 INFO: import_client() --> ...Transferring contact logs...
2016-08-27 00:45:29,117 INFO: import_client() --> ...Retrieving client interests for client types...
2016-08-27 00:45:29,601 INFO: import_client() --> ...Retrieving class history for client types...
2016-08-27 00:45:30,101 INFO: import_client() --> ...Updating client types...
2016-08-27 00:45:30,115 INFO: import_client() --> Client transfer is complete: Old client ID 5 has been imported as new ID: 100000561
2016-08-27 00:45:30,115 INFO: import_clients() --> New ID added: 100000561
2016-08-27 00:45:30,115 INFO: import_clients() --> Transferring ID: 100004873
2016-08-27 00:45:30,115 INFO: import_client() --> Checking transfer status for ID: 100004873
2016-08-27 00:45:30,661 INFO: import_client() --> Transferring main profile for ID: 100004873
2016-08-27 00:45:32,316 INFO: import_client() --> ...Created new client ID: 100000562
2016-08-27 00:45:32,316 INFO: import_client() --> ...Transferring custom fields...
2016-08-27 00:45:32,834 INFO: import_client() --> ...Updating record ID references...
2016-08-27 00:45:34,551 INFO: import_client() --> ...Transferring contact logs...
2016-08-27 00:45:37,346 INFO: import_client() --> ...Retrieving client interests for client types...
2016-08-27 00:45:37,892 INFO: import_client() --> ...Retrieving class history for client types...
2016-08-27 00:45:38,252 INFO: import_client() --> ...Updating client types...
2016-08-27 00:45:38,252 INFO: import_client() --> Client transfer is complete: Old client ID 100004873 has been imported as new ID: 100000562
2016-08-27 00:45:38,252 INFO: import_clients() --> New ID added: 100000562
2016-08-27 00:45:38,252 INFO: import_clients() --> Transferring ID: 100004559
2016-08-27 00:45:38,252 INFO: import_client() --> Checking transfer status for ID: 100004559
2016-08-27 00:45:38,766 INFO: import_client() --> Transferring main profile for ID: 100004559
2016-08-27 00:45:40,329 INFO: import_client() --> ...Created new client ID: 100000563
2016-08-27 00:45:40,329 INFO: import_client() --> ...Transferring custom fields...
2016-08-27 00:45:40,813 INFO: import_client() --> ...Updating record ID references...
2016-08-27 00:45:42,497 INFO: import_client() --> ...Transferring contact logs...
2016-08-27 00:45:44,793 INFO: import_client() --> ...Retrieving client interests for client types...
2016-08-27 00:45:45,309 INFO: import_client() --> ...Retrieving class history for client types...
2016-08-27 00:45:45,653 INFO: import_client() --> ...Updating client types...
2016-08-27 00:45:45,653 INFO: import_client() --> Client transfer is complete: Old client ID 100004559 has been imported as new ID: 100000563
2016-08-27 00:45:45,653 INFO: import_clients() --> New ID added: 100000563
2016-08-27 00:45:45,653 INFO: import_clients() --> Transferring ID: 7
2016-08-27 00:45:45,653 INFO: import_client() --> Checking transfer status for ID: 7
2016-08-27 00:45:46,260 INFO: import_client() --> Transferring main profile for ID: 7
2016-08-27 00:45:47,948 INFO: import_client() --> ...Created new client ID: 100000564
2016-08-27 00:45:47,948 INFO: import_client() --> ...Transferring custom fields...
2016-08-27 00:45:48,542 INFO: import_client() --> ...Updating record ID references...
2016-08-27 00:45:50,696 INFO: import_client() --> ...Transferring contact logs...
2016-08-27 00:45:56,686 INFO: import_client() --> ...Retrieving client interests for client types...
2016-08-27 00:45:57,217 INFO: import_client() --> ...Retrieving class history for client types...
2016-08-27 00:45:57,608 INFO: import_client() --> ...Updating client types...
2016-08-27 00:46:15,709 INFO: import_client() --> Client transfer is complete: Old client ID 7 has been imported as new ID: 100000564
2016-08-27 00:46:15,709 INFO: import_clients() --> New ID added: 100000564
2016-08-27 00:46:15,709 INFO: import_clients() --> Transferring ID: 100008122
2016-08-27 00:46:15,709 INFO: import_client() --> Checking transfer status for ID: 100008122
2016-08-27 00:46:16,411 INFO: import_client() --> Old ID 100008122 has already been transferred to new ID: 100000295
2016-08-27 00:46:16,411 INFO: import_clients() --> New ID added: -1
2016-08-27 00:46:16,411 INFO: import_clients() --> Transferring ID: 100004801
2016-08-27 00:46:16,411 INFO: import_client() --> Checking transfer status for ID: 100004801
2016-08-27 00:46:16,973 INFO: import_client() --> Transferring main profile for ID: 100004801
2016-08-27 00:46:18,707 INFO: import_client() --> ...Created new client ID: 100000565
2016-08-27 00:46:18,707 INFO: import_client() --> ...Transferring custom fields...
2016-08-27 00:46:19,237 INFO: import_client() --> ...Updating record ID references...
2016-08-27 00:46:21,063 INFO: import_client() --> ...Transferring contact logs...
2016-08-27 00:46:28,016 INFO: import_client() --> ...Retrieving client interests for client types...
2016-08-27 00:46:28,642 INFO: import_client() --> ...Retrieving class history for client types...
2016-08-27 00:46:29,157 INFO: import_client() --> ...Updating client types...
2016-08-27 00:46:50,683 INFO: import_client() --> Client transfer is complete: Old client ID 100004801 has been imported as new ID: 100000565
2016-08-27 00:46:50,683 INFO: import_clients() --> New ID added: 100000565
2016-08-27 00:46:50,683 INFO: import_clients() --> Transferring ID: 100010093
2016-08-27 00:46:50,683 INFO: import_client() --> Checking transfer status for ID: 100010093
2016-08-27 00:46:52,338 INFO: import_client() --> Transferring main profile for ID: 100010093
2016-08-27 00:46:54,335 INFO: import_client() --> ...Created new client ID: 100000566
2016-08-27 00:46:54,335 INFO: import_client() --> ...Transferring custom fields...
2016-08-27 00:46:54,851 INFO: import_client() --> ...Updating record ID references...
2016-08-27 00:46:56,552 INFO: import_client() --> ...Transferring contact logs...
2016-08-27 00:46:59,221 INFO: import_client() --> ...Retrieving client interests for client types...
2016-08-27 00:46:59,767 INFO: import_client() --> ...Retrieving class history for client types...
2016-08-27 00:47:00,082 INFO: import_client() --> ...Updating client types...
2016-08-27 00:47:18,631 INFO: import_client() --> Client transfer is complete: Old client ID 100010093 has been imported as new ID: 100000566
2016-08-27 00:47:18,631 INFO: import_clients() --> New ID added: 100000566
2016-08-27 00:47:18,631 INFO: import_clients() --> Transferring ID: 100009987
2016-08-27 00:47:18,631 INFO: import_client() --> Checking transfer status for ID: 100009987
2016-08-27 00:47:20,256 INFO: import_client() --> Transferring main profile for ID: 100009987
2016-08-27 00:47:22,036 INFO: import_client() --> ...Created new client ID: 100000567
2016-08-27 00:47:22,036 INFO: import_client() --> ...Transferring custom fields...
2016-08-27 00:47:22,552 INFO: import_client() --> ...Updating record ID references...
2016-08-27 00:47:24,395 INFO: import_client() --> ...Transferring contact logs...
2016-08-27 00:47:26,394 INFO: import_client() --> ...Retrieving client interests for client types...
2016-08-27 00:47:27,019 INFO: import_client() --> ...Retrieving class history for client types...
2016-08-27 00:47:27,471 INFO: import_client() --> ...Updating client types...
2016-08-27 00:47:45,325 INFO: import_client() --> Client transfer is complete: Old client ID 100009987 has been imported as new ID: 100000567
2016-08-27 00:47:45,325 INFO: import_clients() --> New ID added: 100000567
2016-08-27 00:47:45,325 INFO: import_clients() --> Transferring ID: 100000985
2016-08-27 00:47:45,325 INFO: import_client() --> Checking transfer status for ID: 100000985
2016-08-27 00:47:47,081 INFO: import_client() --> Transferring main profile for ID: 100000985
2016-08-27 00:47:48,921 INFO: import_client() --> ...Created new client ID: 100000568
2016-08-27 00:47:48,921 INFO: import_client() --> ...Transferring custom fields...
2016-08-27 00:47:49,483 INFO: import_client() --> ...Updating record ID references...
2016-08-27 00:47:51,405 INFO: import_client() --> ...Transferring contact logs...
2016-08-27 00:47:54,994 INFO: import_client() --> ...Retrieving client interests for client types...
2016-08-27 00:47:55,602 INFO: import_client() --> ...Retrieving class history for client types...
2016-08-27 00:47:56,055 INFO: import_client() --> ...Updating client types...
2016-08-27 00:48:17,170 INFO: import_client() --> Client transfer is complete: Old client ID 100000985 has been imported as new ID: 100000568
2016-08-27 00:48:17,170 INFO: import_clients() --> New ID added: 100000568
2016-08-27 00:48:17,170 INFO: import_clients() --> Transferring ID: 100009602
2016-08-27 00:48:17,170 INFO: import_client() --> Checking transfer status for ID: 100009602
2016-08-27 00:48:18,854 INFO: import_client() --> Transferring main profile for ID: 100009602
2016-08-27 00:48:20,632 INFO: import_client() --> ...Created new client ID: 100000569
2016-08-27 00:48:20,632 INFO: import_client() --> ...Transferring custom fields...
2016-08-27 00:48:21,178 INFO: import_client() --> ...Updating record ID references...
2016-08-27 00:48:22,990 INFO: import_client() --> ...Transferring contact logs...
2016-08-27 00:48:23,990 INFO: import_client() --> ...Retrieving client interests for client types...
2016-08-27 00:48:24,473 INFO: import_client() --> ...Retrieving class history for client types...
2016-08-27 00:48:25,003 INFO: import_client() --> ...Updating client types...
2016-08-27 00:48:25,003 INFO: import_client() --> Client transfer is complete: Old client ID 100009602 has been imported as new ID: 100000569
2016-08-27 00:48:25,003 INFO: import_clients() --> New ID added: 100000569
2016-08-27 00:48:25,003 INFO: import_clients() --> Transferring ID: 100009537
2016-08-27 00:48:25,003 INFO: import_client() --> Checking transfer status for ID: 100009537
2016-08-27 00:48:25,346 WARNING: get_client_custom_fields() --> No client record available for ID: 100009537
2016-08-27 00:48:25,346 INFO: import_client() --> Transferring main profile for ID: 100009537
2016-08-27 00:48:25,658 ERROR: import_profile() --> No client record available for ID: 100009537
2016-08-27 00:48:25,658 INFO: import_client() --> Client ID '100009537' was not transferred!
2016-08-27 00:48:25,658 INFO: import_clients() --> Transferring ID: 9
2016-08-27 00:48:25,658 INFO: import_client() --> Checking transfer status for ID: 9
2016-08-27 00:48:26,361 INFO: import_client() --> Transferring main profile for ID: 9
2016-08-27 00:48:28,266 INFO: import_client() --> ...Created new client ID: 100000570
2016-08-27 00:48:28,266 INFO: import_client() --> ...Transferring custom fields...
2016-08-27 00:48:28,890 INFO: import_client() --> ...Updating record ID references...
2016-08-27 00:48:30,747 INFO: import_client() --> ...Transferring contact logs...
2016-08-27 00:48:31,776 INFO: import_client() --> ...Retrieving client interests for client types...
2016-08-27 00:48:32,269 INFO: import_client() --> ...Retrieving class history for client types...
2016-08-27 00:48:32,549 INFO: import_client() --> ...Updating client types...
2016-08-27 00:48:49,940 INFO: import_client() --> Client transfer is complete: Old client ID 9 has been imported as new ID: 100000570
2016-08-27 00:48:49,940 INFO: import_clients() --> New ID added: 100000570
2016-08-27 00:48:49,940 INFO: import_clients() --> Transferring ID: 100009682
2016-08-27 00:48:49,940 INFO: import_client() --> Checking transfer status for ID: 100009682
2016-08-27 00:48:51,581 INFO: import_client() --> Transferring main profile for ID: 100009682
2016-08-27 00:48:53,298 INFO: import_client() --> ...Created new client ID: 100000571
2016-08-27 00:48:53,298 INFO: import_client() --> ...Transferring custom fields...
2016-08-27 00:48:53,907 INFO: import_client() --> ...Updating record ID references...
2016-08-27 00:48:55,594 INFO: import_client() --> ...Transferring contact logs...
2016-08-27 00:48:57,263 INFO: import_client() --> ...Retrieving client interests for client types...
2016-08-27 00:48:57,825 INFO: import_client() --> ...Retrieving class history for client types...
2016-08-27 00:48:58,230 INFO: import_client() --> ...Updating client types...
2016-08-27 00:48:58,230 INFO: import_client() --> Client transfer is complete: Old client ID 100009682 has been imported as new ID: 100000571
2016-08-27 00:48:58,230 INFO: import_clients() --> New ID added: 100000571
2016-08-27 00:48:58,230 INFO: import_clients() --> Transferring ID: 100008773
2016-08-27 00:48:58,230 INFO: import_client() --> Checking transfer status for ID: 100008773
2016-08-27 00:48:58,823 INFO: import_client() --> Transferring main profile for ID: 100008773
2016-08-27 00:49:00,983 INFO: import_client() --> ...Created new client ID: 100000572
2016-08-27 00:49:00,983 INFO: import_client() --> ...Transferring custom fields...
2016-08-27 00:49:01,529 INFO: import_client() --> ...Updating record ID references...
2016-08-27 00:49:03,295 INFO: import_client() --> ...Transferring contact logs...
2016-08-27 00:49:07,354 INFO: import_client() --> ...Retrieving client interests for client types...
2016-08-27 00:49:07,915 INFO: import_client() --> ...Retrieving class history for client types...
2016-08-27 00:49:08,243 INFO: import_client() --> ...Updating client types...
2016-08-27 00:49:26,990 INFO: import_client() --> Client transfer is complete: Old client ID 100008773 has been imported as new ID: 100000572
2016-08-27 00:49:26,990 INFO: import_clients() --> New ID added: 100000572
2016-08-27 00:49:26,990 INFO: import_clients() --> Transferring ID: 100000055
2016-08-27 00:49:26,990 INFO: import_client() --> Checking transfer status for ID: 100000055
2016-08-27 00:49:28,660 INFO: import_client() --> Transferring main profile for ID: 100000055
2016-08-27 00:49:30,647 INFO: import_client() --> ...Created new client ID: 100000573
2016-08-27 00:49:30,647 INFO: import_client() --> ...Transferring custom fields...
2016-08-27 00:49:31,193 INFO: import_client() --> ...Updating record ID references...
2016-08-27 00:49:32,846 INFO: import_client() --> ...Transferring contact logs...
2016-08-27 00:49:38,359 INFO: import_client() --> ...Retrieving client interests for client types...
2016-08-27 00:49:38,905 INFO: import_client() --> ...Retrieving class history for client types...
2016-08-27 00:49:39,220 INFO: import_client() --> ...Updating client types...
2016-08-27 00:49:56,565 INFO: import_client() --> Client transfer is complete: Old client ID 100000055 has been imported as new ID: 100000573
2016-08-27 00:49:56,565 INFO: import_clients() --> New ID added: 100000573
2016-08-27 00:49:56,565 INFO: import_clients() --> Transferring ID: 100002737
2016-08-27 00:49:56,565 INFO: import_client() --> Checking transfer status for ID: 100002737
2016-08-27 00:49:58,223 INFO: import_client() --> Transferring main profile for ID: 100002737
2016-08-27 00:49:59,767 INFO: import_client() --> ...Created new client ID: 100000574
2016-08-27 00:49:59,767 INFO: import_client() --> ...Transferring custom fields...
2016-08-27 00:50:00,361 INFO: import_client() --> ...Updating record ID references...
2016-08-27 00:50:02,125 INFO: import_client() --> ...Transferring contact logs...
2016-08-27 00:50:03,125 INFO: import_client() --> ...Retrieving client interests for client types...
2016-08-27 00:50:03,624 INFO: import_client() --> ...Retrieving class history for client types...
2016-08-27 00:50:03,950 INFO: import_client() --> ...Updating client types...
2016-08-27 00:50:03,950 INFO: import_client() --> Client transfer is complete: Old client ID 100002737 has been imported as new ID: 100000574
2016-08-27 00:50:03,950 INFO: import_clients() --> New ID added: 100000574
2016-08-27 00:50:03,950 INFO: import_clients() --> Transferring ID: 100006895
2016-08-27 00:50:03,950 INFO: import_client() --> Checking transfer status for ID: 100006895
2016-08-27 00:50:04,500 INFO: import_client() --> Transferring main profile for ID: 100006895
2016-08-27 00:50:06,119 INFO: import_client() --> ...Created new client ID: 100000575
2016-08-27 00:50:06,119 INFO: import_client() --> ...Transferring custom fields...
2016-08-27 00:50:06,634 INFO: import_client() --> ...Updating record ID references...
2016-08-27 00:50:08,555 INFO: import_client() --> ...Transferring contact logs...
2016-08-27 00:50:10,193 INFO: import_client() --> ...Retrieving client interests for client types...
2016-08-27 00:50:10,786 INFO: import_client() --> ...Retrieving class history for client types...
2016-08-27 00:50:11,114 INFO: import_client() --> ...Updating client types...
2016-08-27 00:50:28,678 INFO: import_client() --> Client transfer is complete: Old client ID 100006895 has been imported as new ID: 100000575
2016-08-27 00:50:28,678 INFO: import_clients() --> New ID added: 100000575
2016-08-27 00:50:28,678 INFO: import_clients() --> Transferring ID: 100008882
2016-08-27 00:50:28,678 INFO: import_client() --> Checking transfer status for ID: 100008882
2016-08-27 00:50:30,351 INFO: import_client() --> Transferring main profile for ID: 100008882
2016-08-27 00:50:32,072 INFO: import_client() --> ...Created new client ID: 100000576
2016-08-27 00:50:32,072 INFO: import_client() --> ...Transferring custom fields...
2016-08-27 00:50:32,650 INFO: import_client() --> ...Updating record ID references...
2016-08-27 00:50:34,428 INFO: import_client() --> ...Transferring contact logs...
2016-08-27 00:50:36,052 INFO: import_client() --> ...Retrieving client interests for client types...
2016-08-27 00:50:36,598 INFO: import_client() --> ...Retrieving class history for client types...
2016-08-27 00:50:36,911 INFO: import_client() --> ...Updating client types...
2016-08-27 00:50:36,911 INFO: import_client() --> Client transfer is complete: Old client ID 100008882 has been imported as new ID: 100000576
2016-08-27 00:50:36,911 INFO: import_clients() --> New ID added: 100000576
2016-08-27 00:50:36,911 INFO: import_clients() --> Transferring ID: 100008263
2016-08-27 00:50:36,911 INFO: import_client() --> Checking transfer status for ID: 100008263
2016-08-27 00:50:37,441 INFO: import_client() --> Transferring main profile for ID: 100008263
2016-08-27 00:50:39,115 INFO: import_client() --> ...Created new client ID: 100000577
2016-08-27 00:50:39,115 INFO: import_client() --> ...Transferring custom fields...
2016-08-27 00:50:39,644 INFO: import_client() --> ...Updating record ID references...
2016-08-27 00:50:41,394 INFO: import_client() --> ...Transferring contact logs...
2016-08-27 00:50:43,674 INFO: import_client() --> ...Retrieving client interests for client types...
2016-08-27 00:50:44,173 INFO: import_client() --> ...Retrieving class history for client types...
2016-08-27 00:50:44,453 INFO: import_client() --> ...Updating client types...
2016-08-27 00:50:44,453 INFO: import_client() --> Client transfer is complete: Old client ID 100008263 has been imported as new ID: 100000577
2016-08-27 00:50:44,453 INFO: import_clients() --> New ID added: 100000577
2016-08-27 00:50:44,453 INFO: import_clients() --> Transferring ID: 10
2016-08-27 00:50:44,453 INFO: import_client() --> Checking transfer status for ID: 10
2016-08-27 00:50:45,016 INFO: import_client() --> Transferring main profile for ID: 10
2016-08-27 00:50:45,796 ERROR: import_profile() --> import_profile() ERROR!!! --> coercing to Unicode: need string or buffer, NoneType found
2016-08-27 00:50:46,546 INFO: import_client() --> ...Created new client ID: 100000578
2016-08-27 00:50:46,546 INFO: import_client() --> ...Transferring custom fields...
2016-08-27 00:50:47,046 INFO: import_client() --> ...Updating record ID references...
2016-08-27 00:50:48,809 INFO: import_client() --> ...Transferring contact logs...
2016-08-27 00:50:49,982 INFO: import_client() --> ...Retrieving client interests for client types...
2016-08-27 00:50:50,605 INFO: import_client() --> ...Retrieving class history for client types...
2016-08-27 00:50:50,964 INFO: import_client() --> ...Updating client types...
2016-08-27 00:50:50,964 INFO: import_client() --> Client transfer is complete: Old client ID 10 has been imported as new ID: 100000578
2016-08-27 00:50:50,964 INFO: import_clients() --> New ID added: 100000578
2016-08-27 00:50:50,964 INFO: import_clients() --> Transferring ID: 100000457
2016-08-27 00:50:50,964 INFO: import_client() --> Checking transfer status for ID: 100000457
2016-08-27 00:50:51,480 INFO: import_client() --> Transferring main profile for ID: 100000457
2016-08-27 00:50:53,226 INFO: import_client() --> ...Created new client ID: 100000579
2016-08-27 00:50:53,226 INFO: import_client() --> ...Transferring custom fields...
2016-08-27 00:50:53,742 INFO: import_client() --> ...Updating record ID references...
2016-08-27 00:50:55,490 INFO: import_client() --> ...Transferring contact logs...
2016-08-27 00:51:05,869 INFO: import_client() --> ...Retrieving client interests for client types...
2016-08-27 00:51:06,431 INFO: import_client() --> ...Retrieving class history for client types...
2016-08-27 00:51:06,963 INFO: import_client() --> ...Updating client types...
2016-08-27 00:51:27,063 INFO: import_client() --> Client transfer is complete: Old client ID 100000457 has been imported as new ID: 100000579
2016-08-27 00:51:27,063 INFO: import_clients() --> New ID added: 100000579
2016-08-27 00:51:27,063 INFO: import_clients() --> Transferring ID: 100007980
2016-08-27 00:51:27,063 INFO: import_client() --> Checking transfer status for ID: 100007980
2016-08-27 00:51:28,696 INFO: import_client() --> Transferring main profile for ID: 100007980
2016-08-27 00:51:30,552 INFO: import_client() --> ...Created new client ID: 100000580
2016-08-27 00:51:30,552 INFO: import_client() --> ...Transferring custom fields...
2016-08-27 00:51:31,098 INFO: import_client() --> ...Updating record ID references...
2016-08-27 00:51:32,848 INFO: import_client() --> ...Transferring contact logs...
2016-08-27 00:51:36,374 INFO: import_client() --> ...Retrieving client interests for client types...
2016-08-27 00:51:36,872 INFO: import_client() --> ...Retrieving class history for client types...
2016-08-27 00:51:37,247 INFO: import_client() --> ...Updating client types...
2016-08-27 00:51:37,247 INFO: import_client() --> Client transfer is complete: Old client ID 100007980 has been imported as new ID: 100000580
2016-08-27 00:51:37,247 INFO: import_clients() --> New ID added: 100000580
